C:\USERS\TERA\DESKTOP\GOOGLE DRIVE\TFI\CIELOCPP\CIELOCPP\DEBUG\ACTIONPARSER.OBJ
C:\USERS\TERA\DESKTOP\GOOGLE DRIVE\TFI\CIELOCPP\CIELOCPP\DEBUG\ANDPARSER.OBJ
C:\USERS\TERA\DESKTOP\GOOGLE DRIVE\TFI\CIELOCPP\CIELOCPP\DEBUG\CHOICEPARSER.OBJ
C:\USERS\TERA\DESKTOP\GOOGLE DRIVE\TFI\CIELOCPP\CIELOCPP\DEBUG\CIELOCPP.OBJ
C:\Users\Tera\Desktop\Google Drive\TFI\CieloCPP\CieloCPP\Debug\cl.command.1.tlog
C:\Users\Tera\Desktop\Google Drive\TFI\CieloCPP\CieloCPP\Debug\CL.read.1.tlog
C:\Users\Tera\Desktop\Google Drive\TFI\CieloCPP\CieloCPP\Debug\CL.write.1.tlog
C:\USERS\TERA\DESKTOP\GOOGLE DRIVE\TFI\CIELOCPP\CIELOCPP\DEBUG\CPP-PP.PCH
C:\Users\Tera\Desktop\Google Drive\TFI\CieloCPP\CieloCPP\Debug\CPP-PP.write.1.tlog
C:\USERS\TERA\DESKTOP\GOOGLE DRIVE\TFI\CIELOCPP\CIELOCPP\DEBUG\ENDPARSER.OBJ
C:\Users\Tera\Desktop\Google Drive\TFI\CieloCPP\CieloCPP\Debug\lib.command.1.tlog
C:\Users\Tera\Desktop\Google Drive\TFI\CieloCPP\CieloCPP\Debug\Lib-link.read.1.tlog
C:\Users\Tera\Desktop\Google Drive\TFI\CieloCPP\CieloCPP\Debug\Lib-link.write.1.tlog
C:\USERS\TERA\DESKTOP\GOOGLE DRIVE\TFI\CIELOCPP\CIELOCPP\DEBUG\LIST.OBJ
C:\USERS\TERA\DESKTOP\GOOGLE DRIVE\TFI\CIELOCPP\CIELOCPP\DEBUG\LITERALPARSER.OBJ
C:\USERS\TERA\DESKTOP\GOOGLE DRIVE\TFI\CIELOCPP\CIELOCPP\DEBUG\NOTPARSER.OBJ
C:\USERS\TERA\DESKTOP\GOOGLE DRIVE\TFI\CIELOCPP\CIELOCPP\DEBUG\NULL.OBJ
C:\USERS\TERA\DESKTOP\GOOGLE DRIVE\TFI\CIELOCPP\CIELOCPP\DEBUG\OBJ.OBJ
C:\USERS\TERA\DESKTOP\GOOGLE DRIVE\TFI\CIELOCPP\CIELOCPP\DEBUG\OBJSTRING.OBJ
C:\USERS\TERA\DESKTOP\GOOGLE DRIVE\TFI\CIELOCPP\CIELOCPP\DEBUG\OPTIONALPARSER.OBJ
C:\USERS\TERA\DESKTOP\GOOGLE DRIVE\TFI\CIELOCPP\CIELOCPP\DEBUG\PARSEFAILURE.OBJ
C:\USERS\TERA\DESKTOP\GOOGLE DRIVE\TFI\CIELOCPP\CIELOCPP\DEBUG\PARSER.OBJ
C:\USERS\TERA\DESKTOP\GOOGLE DRIVE\TFI\CIELOCPP\CIELOCPP\DEBUG\PARSERESULT.OBJ
C:\USERS\TERA\DESKTOP\GOOGLE DRIVE\TFI\CIELOCPP\CIELOCPP\DEBUG\PARSESUCCESS.OBJ
C:\USERS\TERA\DESKTOP\GOOGLE DRIVE\TFI\CIELOCPP\CIELOCPP\DEBUG\PREDICATEPARSER.OBJ
C:\USERS\TERA\DESKTOP\GOOGLE DRIVE\TFI\CIELOCPP\CIELOCPP\DEBUG\REPEATINGPARSER.OBJ
C:\USERS\TERA\DESKTOP\GOOGLE DRIVE\TFI\CIELOCPP\CIELOCPP\DEBUG\SEQUENCEPARSER.OBJ
C:\USERS\TERA\DESKTOP\GOOGLE DRIVE\TFI\CIELOCPP\CIELOCPP\DEBUG\STDAFX.OBJ
C:\USERS\TERA\DESKTOP\GOOGLE DRIVE\TFI\CIELOCPP\CIELOCPP\DEBUG\STRINGSTREAM.OBJ
C:\USERS\TERA\DESKTOP\GOOGLE DRIVE\TFI\CIELOCPP\CIELOCPP\DEBUG\TOKEN.OBJ
C:\USERS\TERA\DESKTOP\GOOGLE DRIVE\TFI\CIELOCPP\CIELOCPP\DEBUG\TOKENPARSER.OBJ
C:\Users\Tera\Desktop\Google Drive\TFI\CieloCPP\CieloCPP\Debug\vc100.idb
C:\USERS\TERA\DESKTOP\GOOGLE DRIVE\TFI\CIELOCPP\CIELOCPP\DEBUG\VC100.PDB
C:\USERS\TERA\DESKTOP\GOOGLE DRIVE\TFI\CIELOCPP\CIELOCPP\DEBUG\WRAPPINGPARSER.OBJ
C:\USERS\TERA\DESKTOP\GOOGLE DRIVE\TFI\CIELOCPP\DEBUG\CPP-PP.LIB
