Compilación iniciada a las 13/12/2012 08:34:52 p.m..
     1>Proyecto "C:\Users\Tera\Desktop\Google Drive\TFI\CieloCPP\CieloParser\CieloParser.vcxproj" en el nodo 2 (build destinos).
     1>InitializeBuildStatus:
         Se creará "Debug\CieloParser.unsuccessfulbuild" porque se especificó "AlwaysCreate".
       ClCompile:
         f:\Program Files\Microsoft Visual Studio 10.0\VC\bin\CL.exe /c /I..\CieloCPP /ZI /nologo /W3 /WX- /Od /Oy- /D _MBCS /Gm /EHsc /RTC1 /MTd /GS /fp:precise /Zc:wchar_t /Zc:forScope /Fo"Debug\\" /Fd"Debug\vc100.pdb" /Gd /TP /analyze- /errorReport:prompt CieloToken.cpp CieloTokenParser.cpp
         CieloToken.cpp
         Generando código...
         Omitiendo... (no se detectaron cambios relevantes)
         CieloTokenParser.cpp
       Lib:
         f:\Program Files\Microsoft Visual Studio 10.0\VC\bin\Lib.exe /OUT:"C:\Users\Tera\Desktop\Google Drive\TFI\CieloCPP\Debug\CieloParser.lib" /NOLOGO Debug\CieloToken.obj
         Debug\CieloTokenParser.obj
         CieloParser.vcxproj -> C:\Users\Tera\Desktop\Google Drive\TFI\CieloCPP\Debug\CieloParser.lib
       FinalizeBuildStatus:
         Se eliminará el archivo "Debug\CieloParser.unsuccessfulbuild".
         Aplicando tarea Touch a "Debug\CieloParser.lastbuildstate".
     1>Compilación del proyecto terminada "C:\Users\Tera\Desktop\Google Drive\TFI\CieloCPP\CieloParser\CieloParser.vcxproj" (build destinos).

Compilación correcta.

Tiempo transcurrido 00:00:01.18
