C:\USERS\TERA\DESKTOP\GOOGLE DRIVE\TFI\CIELOCPP\DEBUG\UI.EXE
C:\USERS\TERA\DESKTOP\GOOGLE DRIVE\TFI\CIELOCPP\DEBUG\UI.ILK
C:\USERS\TERA\DESKTOP\GOOGLE DRIVE\TFI\CIELOCPP\DEBUG\UI.PDB
C:\Users\Tera\Desktop\Google Drive\TFI\CieloCPP\UI\Debug\cl.command.1.tlog
C:\Users\Tera\Desktop\Google Drive\TFI\CieloCPP\UI\Debug\CL.read.1.tlog
C:\Users\Tera\Desktop\Google Drive\TFI\CieloCPP\UI\Debug\CL.write.1.tlog
C:\Users\Tera\Desktop\Google Drive\TFI\CieloCPP\UI\Debug\link.1752.read.1.tlog
C:\Users\Tera\Desktop\Google Drive\TFI\CieloCPP\UI\Debug\link.1752.write.1.tlog
C:\Users\Tera\Desktop\Google Drive\TFI\CieloCPP\UI\Debug\link.1752-cvtres.read.1.tlog
C:\Users\Tera\Desktop\Google Drive\TFI\CieloCPP\UI\Debug\link.1752-cvtres.write.1.tlog
C:\Users\Tera\Desktop\Google Drive\TFI\CieloCPP\UI\Debug\link.1900.read.1.tlog
C:\Users\Tera\Desktop\Google Drive\TFI\CieloCPP\UI\Debug\link.1900.write.1.tlog
C:\Users\Tera\Desktop\Google Drive\TFI\CieloCPP\UI\Debug\link.1900-cvtres.read.1.tlog
C:\Users\Tera\Desktop\Google Drive\TFI\CieloCPP\UI\Debug\link.1900-cvtres.write.1.tlog
C:\Users\Tera\Desktop\Google Drive\TFI\CieloCPP\UI\Debug\link.2152.read.1.tlog
C:\Users\Tera\Desktop\Google Drive\TFI\CieloCPP\UI\Debug\link.2152.write.1.tlog
C:\Users\Tera\Desktop\Google Drive\TFI\CieloCPP\UI\Debug\link.2152-cvtres.read.1.tlog
C:\Users\Tera\Desktop\Google Drive\TFI\CieloCPP\UI\Debug\link.2152-cvtres.write.1.tlog
C:\Users\Tera\Desktop\Google Drive\TFI\CieloCPP\UI\Debug\link.2176.read.1.tlog
C:\Users\Tera\Desktop\Google Drive\TFI\CieloCPP\UI\Debug\link.2176.write.1.tlog
C:\Users\Tera\Desktop\Google Drive\TFI\CieloCPP\UI\Debug\link.2176-cvtres.read.1.tlog
C:\Users\Tera\Desktop\Google Drive\TFI\CieloCPP\UI\Debug\link.2176-cvtres.write.1.tlog
C:\Users\Tera\Desktop\Google Drive\TFI\CieloCPP\UI\Debug\link.2384.read.1.tlog
C:\Users\Tera\Desktop\Google Drive\TFI\CieloCPP\UI\Debug\link.2384.write.1.tlog
C:\Users\Tera\Desktop\Google Drive\TFI\CieloCPP\UI\Debug\link.2384-cvtres.read.1.tlog
C:\Users\Tera\Desktop\Google Drive\TFI\CieloCPP\UI\Debug\link.2384-cvtres.write.1.tlog
C:\Users\Tera\Desktop\Google Drive\TFI\CieloCPP\UI\Debug\link.2708.read.1.tlog
C:\Users\Tera\Desktop\Google Drive\TFI\CieloCPP\UI\Debug\link.2708.write.1.tlog
C:\Users\Tera\Desktop\Google Drive\TFI\CieloCPP\UI\Debug\link.2708-cvtres.read.1.tlog
C:\Users\Tera\Desktop\Google Drive\TFI\CieloCPP\UI\Debug\link.2708-cvtres.write.1.tlog
C:\Users\Tera\Desktop\Google Drive\TFI\CieloCPP\UI\Debug\link.2864.read.1.tlog
C:\Users\Tera\Desktop\Google Drive\TFI\CieloCPP\UI\Debug\link.2864.write.1.tlog
C:\Users\Tera\Desktop\Google Drive\TFI\CieloCPP\UI\Debug\link.2864-cvtres.read.1.tlog
C:\Users\Tera\Desktop\Google Drive\TFI\CieloCPP\UI\Debug\link.2864-cvtres.write.1.tlog
C:\Users\Tera\Desktop\Google Drive\TFI\CieloCPP\UI\Debug\link.3044.read.1.tlog
C:\Users\Tera\Desktop\Google Drive\TFI\CieloCPP\UI\Debug\link.3044.write.1.tlog
C:\Users\Tera\Desktop\Google Drive\TFI\CieloCPP\UI\Debug\link.3044-cvtres.read.1.tlog
C:\Users\Tera\Desktop\Google Drive\TFI\CieloCPP\UI\Debug\link.3044-cvtres.write.1.tlog
C:\Users\Tera\Desktop\Google Drive\TFI\CieloCPP\UI\Debug\link.3144.read.1.tlog
C:\Users\Tera\Desktop\Google Drive\TFI\CieloCPP\UI\Debug\link.3144.write.1.tlog
C:\Users\Tera\Desktop\Google Drive\TFI\CieloCPP\UI\Debug\link.3144-cvtres.read.1.tlog
C:\Users\Tera\Desktop\Google Drive\TFI\CieloCPP\UI\Debug\link.3144-cvtres.write.1.tlog
C:\Users\Tera\Desktop\Google Drive\TFI\CieloCPP\UI\Debug\link.3328.read.1.tlog
C:\Users\Tera\Desktop\Google Drive\TFI\CieloCPP\UI\Debug\link.3328.write.1.tlog
C:\Users\Tera\Desktop\Google Drive\TFI\CieloCPP\UI\Debug\link.3328-cvtres.read.1.tlog
C:\Users\Tera\Desktop\Google Drive\TFI\CieloCPP\UI\Debug\link.3328-cvtres.write.1.tlog
C:\Users\Tera\Desktop\Google Drive\TFI\CieloCPP\UI\Debug\link.3508.read.1.tlog
C:\Users\Tera\Desktop\Google Drive\TFI\CieloCPP\UI\Debug\link.3508.write.1.tlog
C:\Users\Tera\Desktop\Google Drive\TFI\CieloCPP\UI\Debug\link.3508-cvtres.read.1.tlog
C:\Users\Tera\Desktop\Google Drive\TFI\CieloCPP\UI\Debug\link.3508-cvtres.write.1.tlog
C:\Users\Tera\Desktop\Google Drive\TFI\CieloCPP\UI\Debug\link.3568.read.1.tlog
C:\Users\Tera\Desktop\Google Drive\TFI\CieloCPP\UI\Debug\link.3568.write.1.tlog
C:\Users\Tera\Desktop\Google Drive\TFI\CieloCPP\UI\Debug\link.3568-cvtres.read.1.tlog
C:\Users\Tera\Desktop\Google Drive\TFI\CieloCPP\UI\Debug\link.3568-cvtres.write.1.tlog
C:\Users\Tera\Desktop\Google Drive\TFI\CieloCPP\UI\Debug\link.4132.read.1.tlog
C:\Users\Tera\Desktop\Google Drive\TFI\CieloCPP\UI\Debug\link.4132.write.1.tlog
C:\Users\Tera\Desktop\Google Drive\TFI\CieloCPP\UI\Debug\link.4132-cvtres.read.1.tlog
C:\Users\Tera\Desktop\Google Drive\TFI\CieloCPP\UI\Debug\link.4132-cvtres.write.1.tlog
C:\Users\Tera\Desktop\Google Drive\TFI\CieloCPP\UI\Debug\link.4444.read.1.tlog
C:\Users\Tera\Desktop\Google Drive\TFI\CieloCPP\UI\Debug\link.4444.write.1.tlog
C:\Users\Tera\Desktop\Google Drive\TFI\CieloCPP\UI\Debug\link.4444-cvtres.read.1.tlog
C:\Users\Tera\Desktop\Google Drive\TFI\CieloCPP\UI\Debug\link.4444-cvtres.write.1.tlog
C:\Users\Tera\Desktop\Google Drive\TFI\CieloCPP\UI\Debug\link.4724.read.1.tlog
C:\Users\Tera\Desktop\Google Drive\TFI\CieloCPP\UI\Debug\link.4724.write.1.tlog
C:\Users\Tera\Desktop\Google Drive\TFI\CieloCPP\UI\Debug\link.4724-cvtres.read.1.tlog
C:\Users\Tera\Desktop\Google Drive\TFI\CieloCPP\UI\Debug\link.4724-cvtres.write.1.tlog
C:\Users\Tera\Desktop\Google Drive\TFI\CieloCPP\UI\Debug\link.4916.read.1.tlog
C:\Users\Tera\Desktop\Google Drive\TFI\CieloCPP\UI\Debug\link.4916.write.1.tlog
C:\Users\Tera\Desktop\Google Drive\TFI\CieloCPP\UI\Debug\link.4916-cvtres.read.1.tlog
C:\Users\Tera\Desktop\Google Drive\TFI\CieloCPP\UI\Debug\link.4916-cvtres.write.1.tlog
C:\Users\Tera\Desktop\Google Drive\TFI\CieloCPP\UI\Debug\link.5488.read.1.tlog
C:\Users\Tera\Desktop\Google Drive\TFI\CieloCPP\UI\Debug\link.5488.write.1.tlog
C:\Users\Tera\Desktop\Google Drive\TFI\CieloCPP\UI\Debug\link.5488-cvtres.read.1.tlog
C:\Users\Tera\Desktop\Google Drive\TFI\CieloCPP\UI\Debug\link.5488-cvtres.write.1.tlog
C:\Users\Tera\Desktop\Google Drive\TFI\CieloCPP\UI\Debug\link.5628.read.1.tlog
C:\Users\Tera\Desktop\Google Drive\TFI\CieloCPP\UI\Debug\link.5628.write.1.tlog
C:\Users\Tera\Desktop\Google Drive\TFI\CieloCPP\UI\Debug\link.5628-cvtres.read.1.tlog
C:\Users\Tera\Desktop\Google Drive\TFI\CieloCPP\UI\Debug\link.5628-cvtres.write.1.tlog
C:\Users\Tera\Desktop\Google Drive\TFI\CieloCPP\UI\Debug\link.5772.read.1.tlog
C:\Users\Tera\Desktop\Google Drive\TFI\CieloCPP\UI\Debug\link.5772.write.1.tlog
C:\Users\Tera\Desktop\Google Drive\TFI\CieloCPP\UI\Debug\link.5772-cvtres.read.1.tlog
C:\Users\Tera\Desktop\Google Drive\TFI\CieloCPP\UI\Debug\link.5772-cvtres.write.1.tlog
C:\Users\Tera\Desktop\Google Drive\TFI\CieloCPP\UI\Debug\link.5812.read.1.tlog
C:\Users\Tera\Desktop\Google Drive\TFI\CieloCPP\UI\Debug\link.5812.write.1.tlog
C:\Users\Tera\Desktop\Google Drive\TFI\CieloCPP\UI\Debug\link.5812-cvtres.read.1.tlog
C:\Users\Tera\Desktop\Google Drive\TFI\CieloCPP\UI\Debug\link.5812-cvtres.write.1.tlog
C:\Users\Tera\Desktop\Google Drive\TFI\CieloCPP\UI\Debug\link.command.1.tlog
C:\Users\Tera\Desktop\Google Drive\TFI\CieloCPP\UI\Debug\link.read.1.tlog
C:\Users\Tera\Desktop\Google Drive\TFI\CieloCPP\UI\Debug\link.write.1.tlog
C:\Users\Tera\Desktop\Google Drive\TFI\CieloCPP\UI\Debug\link-cvtres.read.1.tlog
C:\Users\Tera\Desktop\Google Drive\TFI\CieloCPP\UI\Debug\link-cvtres.write.1.tlog
C:\Users\Tera\Desktop\Google Drive\TFI\CieloCPP\UI\Debug\mt.command.1.tlog
C:\Users\Tera\Desktop\Google Drive\TFI\CieloCPP\UI\Debug\mt.read.1.tlog
C:\Users\Tera\Desktop\Google Drive\TFI\CieloCPP\UI\Debug\mt.write.1.tlog
C:\Users\Tera\Desktop\Google Drive\TFI\CieloCPP\UI\Debug\rc.command.1.tlog
C:\Users\Tera\Desktop\Google Drive\TFI\CieloCPP\UI\Debug\rc.read.1.tlog
C:\Users\Tera\Desktop\Google Drive\TFI\CieloCPP\UI\Debug\rc.write.1.tlog
C:\USERS\TERA\DESKTOP\GOOGLE DRIVE\TFI\CIELOCPP\UI\DEBUG\STDAFX.OBJ
C:\Users\Tera\Desktop\Google Drive\TFI\CieloCPP\UI\Debug\UI.exe.embed.manifest
C:\USERS\TERA\DESKTOP\GOOGLE DRIVE\TFI\CIELOCPP\UI\DEBUG\UI.EXE.EMBED.MANIFEST.RES
C:\USERS\TERA\DESKTOP\GOOGLE DRIVE\TFI\CIELOCPP\UI\DEBUG\UI.EXE.INTERMEDIATE.MANIFEST
C:\USERS\TERA\DESKTOP\GOOGLE DRIVE\TFI\CIELOCPP\UI\DEBUG\UI.OBJ
C:\USERS\TERA\DESKTOP\GOOGLE DRIVE\TFI\CIELOCPP\UI\DEBUG\UI.PCH
C:\Users\Tera\Desktop\Google Drive\TFI\CieloCPP\UI\Debug\UI.vcxprojResolveAssemblyReference.cache
C:\Users\Tera\Desktop\Google Drive\TFI\CieloCPP\UI\Debug\UI.write.1.tlog
C:\Users\Tera\Desktop\Google Drive\TFI\CieloCPP\UI\Debug\UI_manifest.rc
C:\Users\Tera\Desktop\Google Drive\TFI\CieloCPP\UI\Debug\vc100.idb
C:\USERS\TERA\DESKTOP\GOOGLE DRIVE\TFI\CIELOCPP\UI\DEBUG\VC100.PDB
