Compilación iniciada a las 13/12/2012 08:34:54 p.m..
     1>Proyecto "C:\Users\Tera\Desktop\Google Drive\TFI\CieloCPP\UI\UI.vcxproj" en el nodo 2 (build destinos).
     1>InitializeBuildStatus:
         Se creará "Debug\UI.unsuccessfulbuild" porque se especificó "AlwaysCreate".
       ClCompile:
         Todas las salidas están actualizadas.
         f:\Program Files\Microsoft Visual Studio 10.0\VC\bin\CL.exe /c /I..\CieloCPP /I..\CieloParser /ZI /nologo /W3 /WX- /Od /Oy- /D WIN32 /D _DEBUG /D _CONSOLE /D _UNICODE /D UNICODE /Gm /EHsc /RTC1 /MTd /GS /fp:precise /Zc:wchar_t /Zc:forScope /Yu"StdAfx.h" /Fp"Debug\UI.pch" /Fo"Debug\\" /Fd"Debug\vc100.pdb" /Gd /TP /analyze- /errorReport:prompt UI.cpp
         UI.cpp
       ManifestResourceCompile:
         Todas las salidas están actualizadas.
       Link:
         f:\Program Files\Microsoft Visual Studio 10.0\VC\bin\link.exe /ERRORREPORT:PROMPT /OUT:"C:\Users\Tera\Desktop\Google Drive\TFI\CieloCPP\Debug\UI.exe" /INCREMENTAL /NOLOGO kernel32.lib user32.lib gdi32.lib winspool.lib comdlg32.lib advapi32.lib shell32.lib ole32.lib oleaut32.lib uuid.lib odbc32.lib odbccp32.lib /MANIFEST /ManifestFile:"Debug\UI.exe.intermediate.manifest" /MANIFESTUAC:"level='asInvoker' uiAccess='false'" /DEBUG /PDB:"C:\Users\Tera\Desktop\Google Drive\TFI\CieloCPP\Debug\UI.pdb" /SUBSYSTEM:CONSOLE /TLBID:1 /DYNAMICBASE /NXCOMPAT /IMPLIB:"C:\Users\Tera\Desktop\Google Drive\TFI\CieloCPP\Debug\UI.lib" /MACHINE:X86 Debug\UI.exe.embed.manifest.res
         Debug\stdafx.obj
         Debug\UI.obj
         "C:\Users\Tera\Desktop\Google Drive\TFI\CieloCPP\Debug\CPP-PP.lib"
         "C:\Users\Tera\Desktop\Google Drive\TFI\CieloCPP\Debug\CieloParser.lib"
       Manifest:
         C:\Program Files\Microsoft SDKs\Windows\v7.0A\bin\mt.exe /nologo /verbose /out:"Debug\UI.exe.embed.manifest" /manifest Debug\UI.exe.intermediate.manifest
         Todas las salidas están actualizadas.
       LinkEmbedManifest:
         Todas las salidas están actualizadas.
         UI.vcxproj -> C:\Users\Tera\Desktop\Google Drive\TFI\CieloCPP\Debug\UI.exe
       FinalizeBuildStatus:
         Se eliminará el archivo "Debug\UI.unsuccessfulbuild".
         Aplicando tarea Touch a "Debug\UI.lastbuildstate".
     1>Compilación del proyecto terminada "C:\Users\Tera\Desktop\Google Drive\TFI\CieloCPP\UI\UI.vcxproj" (build destinos).

Compilación correcta.

Tiempo transcurrido 00:00:01.69
